# JRE version: Java(TM) SE Runtime Environment (8.0_25-b17) (build 1.8.0_25-b17)
# Java VM: Java HotSpot(TM) 64-Bit Server VM (25.25-b02 mixed mode linux-amd64 compressed oops)
Heap:
 PSYoungGen      total 70656K, used 29257K [0x00000000d6700000, 0x00000000df100000, 0x0000000100000000)
  eden space 65536K, 44% used [0x00000000d6700000,0x00000000d8392678,0x00000000da700000)
  from space 5120K, 0% used [0x00000000da700000,0x00000000da700000,0x00000000dac00000)
  to   space 5120K, 0% used [0x00000000dec00000,0x00000000dec00000,0x00000000df100000)
 ParOldGen       total 53760K, used 5258K [0x0000000083400000, 0x0000000086880000, 0x00000000d6700000)
  object space 53760K, 9% used [0x0000000083400000,0x0000000083922b00,0x0000000086880000)
 Metaspace       used 23454K, capacity 23712K, committed 24064K, reserved 1071104K
  class space    used 2907K, capacity 2966K, committed 3072K, reserved 1048576K
GC Heap History (8 events):
Event: 0.603 GC heap before
{Heap before GC invocations=1 (full 0):
 PSYoungGen      total 37888K, used 32768K [0x00000000d6700000, 0x00000000d9100000, 0x0000000100000000)
  eden space 32768K, 100% used [0x00000000d6700000,0x00000000d8700000,0x00000000d8700000)
  from space 5120K, 0% used [0x00000000d8c00000,0x00000000d8c00000,0x00000000d9100000)
  to   space 5120K, 0% used [0x00000000d8700000,0x00000000d8700000,0x00000000d8c00000)
 ParOldGen       total 86016K, used 0K [0x0000000083400000, 0x0000000088800000, 0x00000000d6700000)
  object space 86016K, 0% used [0x0000000083400000,0x0000000083400000,0x0000000088800000)
 Metaspace       used 11771K, capacity 11854K, committed 11904K, reserved 1060864K
  class space    used 1370K, capacity 1405K, committed 1408K, reserved 1048576K
Event: 0.618 GC heap after
Heap after GC invocations=1 (full 0):
 PSYoungGen      total 37888K, used 2462K [0x00000000d6700000, 0x00000000db100000, 0x0000000100000000)
  eden space 32768K, 0% used [0x00000000d6700000,0x00000000d6700000,0x00000000d8700000)
  from space 5120K, 48% used [0x00000000d8700000,0x00000000d89678e0,0x00000000d8c00000)
  to   space 5120K, 0% used [0x00000000dac00000,0x00000000dac00000,0x00000000db100000)
 ParOldGen       total 86016K, used 72K [0x0000000083400000, 0x0000000088800000, 0x00000000d6700000)
  object space 86016K, 0% used [0x0000000083400000,0x0000000083412010,0x0000000088800000)
 Metaspace       used 11771K, capacity 11854K, committed 11904K, reserved 1060864K
  class space    used 1370K, capacity 1405K, committed 1408K, reserved 1048576K
}
Event: 1.736 GC heap before
{Heap before GC invocations=2 (full 0):
 PSYoungGen      total 37888K, used 35230K [0x00000000d6700000, 0x00000000db100000, 0x0000000100000000)
  eden space 32768K, 100% used [0x00000000d6700000,0x00000000d8700000,0x00000000d8700000)
  from space 5120K, 48% used [0x00000000d8700000,0x00000000d89678e0,0x00000000d8c00000)
  to   space 5120K, 0% used [0x00000000dac00000,0x00000000dac00000,0x00000000db100000)
 ParOldGen       total 86016K, used 72K [0x0000000083400000, 0x0000000088800000, 0x00000000d6700000)
  object space 86016K, 0% used [0x0000000083400000,0x0000000083412010,0x0000000088800000)
 Metaspace       used 20719K, capacity 20962K, committed 21296K, reserved 1069056K
  class space    used 2538K, capacity 2583K, committed 2688K, reserved 1048576K
Event: 1.745 GC heap after
Heap after GC invocations=2 (full 0):
 PSYoungGen      total 70656K, used 5109K [0x00000000d6700000, 0x00000000db100000, 0x0000000100000000)
  eden space 65536K, 0% used [0x00000000d6700000,0x00000000d6700000,0x00000000da700000)
  from space 5120K, 99% used [0x00000000dac00000,0x00000000db0fd528,0x00000000db100000)
  to   space 5120K, 0% used [0x00000000da700000,0x00000000da700000,0x00000000dac00000)
 ParOldGen       total 86016K, used 1276K [0x0000000083400000, 0x0000000088800000, 0x00000000d6700000)
  object space 86016K, 1% used [0x0000000083400000,0x000000008353f060,0x0000000088800000)
 Metaspace       used 20719K, capacity 20962K, committed 21296K, reserved 1069056K
  class space    used 2538K, capacity 2583K, committed 2688K, reserved 1048576K
}
Event: 1.809 GC heap before
{Heap before GC invocations=3 (full 0):
 PSYoungGen      total 70656K, used 11625K [0x00000000d6700000, 0x00000000db100000, 0x0000000100000000)
  eden space 65536K, 9% used [0x00000000d6700000,0x00000000d6d5cf58,0x00000000da700000)
  from space 5120K, 99% used [0x00000000dac00000,0x00000000db0fd528,0x00000000db100000)
  to   space 5120K, 0% used [0x00000000da700000,0x00000000da700000,0x00000000dac00000)
 ParOldGen       total 86016K, used 1276K [0x0000000083400000, 0x0000000088800000, 0x00000000d6700000)
  object space 86016K, 1% used [0x0000000083400000,0x000000008353f060,0x0000000088800000)
 Metaspace       used 20844K, capacity 21026K, committed 21296K, reserved 1069056K
  class space    used 2547K, capacity 2583K, committed 2688K, reserved 1048576K
Event: 1.817 GC heap after
Heap after GC invocations=3 (full 0):
 PSYoungGen      total 70656K, used 5090K [0x00000000d6700000, 0x00000000df100000, 0x0000000100000000)
  eden space 65536K, 0% used [0x00000000d6700000,0x00000000d6700000,0x00000000da700000)
  from space 5120K, 99% used [0x00000000da700000,0x00000000dabf8818,0x00000000dac00000)
  to   space 5120K, 0% used [0x00000000dec00000,0x00000000dec00000,0x00000000df100000)
 ParOldGen       total 86016K, used 1436K [0x0000000083400000, 0x0000000088800000, 0x00000000d6700000)
  object space 86016K, 1% used [0x0000000083400000,0x0000000083567060,0x0000000088800000)
 Metaspace       used 20844K, capacity 21026K, committed 21296K, reserved 1069056K
  class space    used 2547K, capacity 2583K, committed 2688K, reserved 1048576K
}
Event: 1.817 GC heap before
{Heap before GC invocations=4 (full 1):
 PSYoungGen      total 70656K, used 5090K [0x00000000d6700000, 0x00000000df100000, 0x0000000100000000)
  eden space 65536K, 0% used [0x00000000d6700000,0x00000000d6700000,0x00000000da700000)
  from space 5120K, 99% used [0x00000000da700000,0x00000000dabf8818,0x00000000dac00000)
  to   space 5120K, 0% used [0x00000000dec00000,0x00000000dec00000,0x00000000df100000)
 ParOldGen       total 86016K, used 1436K [0x0000000083400000, 0x0000000088800000, 0x00000000d6700000)
  object space 86016K, 1% used [0x0000000083400000,0x0000000083567060,0x0000000088800000)
 Metaspace       used 20844K, capacity 21026K, committed 21296K, reserved 1069056K
  class space    used 2547K, capacity 2583K, committed 2688K, reserved 1048576K
Event: 1.877 GC heap after
Heap after GC invocations=4 (full 1):
 PSYoungGen      total 70656K, used 0K [0x00000000d6700000, 0x00000000df100000, 0x0000000100000000)
  eden space 65536K, 0% used [0x00000000d6700000,0x00000000d6700000,0x00000000da700000)
  from space 5120K, 0% used [0x00000000da700000,0x00000000da700000,0x00000000dac00000)
  to   space 5120K, 0% used [0x00000000dec00000,0x00000000dec00000,0x00000000df100000)
 ParOldGen       total 53760K, used 5258K [0x0000000083400000, 0x0000000086880000, 0x00000000d6700000)
  object space 53760K, 9% used [0x0000000083400000,0x0000000083922b00,0x0000000086880000)
 Metaspace       used 20843K, capacity 21024K, committed 21296K, reserved 1069056K
  class space    used 2547K, capacity 2582K, committed 2688K, reserved 1048576K
}

